<?xml version="1.0" encoding="UTF-8"?>
<!-- Generated by org.testng.reporters.JUnitReportReporter -->
<testsuite hostname="LAPTOP-TNE83D6K" failures="0" tests="4" name="testscript.Login" time="23.795" errors="0" timestamp="2025-02-05T06:21:36 IST" skipped="0">
  <testcase classname="testscript.Login" name="loginWithCorrectUsernameAndPassword" time="6.327"/>
  <testcase classname="testscript.Login" name="testInvalidUsernameValidPassword" time="9.588"/>
  <testcase classname="testscript.Login" name="testValidUsernameInValidPassword" time="3.976"/>
  <testcase classname="testscript.Login" name="testInValidUsernameInValidPassword" time="3.904"/>
</testsuite> <!-- testscript.Login -->
