<?xml version="1.0" encoding="UTF-8"?>
<!-- Generated by org.testng.reporters.JUnitReportReporter -->
<testsuite hostname="LAPTOP-TNE83D6K" failures="0" tests="1" name="testscript.LoginTest" time="9.812" errors="0" timestamp="2025-02-17T20:24:02 IST" skipped="0">
  <testcase classname="testscript.LoginTest" name="verifyWheatherTheUserIsAbleToNavigateToTheHomePageafterEnterCorrectUserNameANDPassword" time="9.812"/>
</testsuite> <!-- testscript.LoginTest -->
