<?xml version="1.0" encoding="UTF-8"?>
<!-- Generated by org.testng.reporters.JUnitReportReporter -->
<testsuite hostname="LAPTOP-TNE83D6K" failures="0" tests="4" name="testscript.LoginTest" time="12.337" errors="0" timestamp="2025-02-19T00:33:23 IST" skipped="0">
  <testcase classname="testscript.LoginTest" name="verifyWheatherTheUserIsAbleToNavigateToTheHomePageafterEnterCorrectUserNameANDPassword" time="3.480"/>
  <testcase classname="testscript.LoginTest" name="verifyWhetherUserShouldNotAbleToLoginWithInvalidUserNameAndValidPassword" time="3.716"/>
  <testcase classname="testscript.LoginTest" name="verifyWhetherUserShouldNotAbleToLoginWithValidUserNameAndInvalidPassword" time="2.708"/>
  <testcase classname="testscript.LoginTest" name="verifyWhetherUserShouldNotAbleToLoginWithInvalidUserNameAndInvalidPassword" time="2.433"/>
</testsuite> <!-- testscript.LoginTest -->
