<?xml version="1.0" encoding="UTF-8"?>
<!-- Generated by org.testng.reporters.JUnitReportReporter -->
<testsuite hostname="LAPTOP-TNE83D6K" failures="0" tests="1" name="testscript.Assertion" time="6.775" errors="0" timestamp="2025-02-03T23:34:48 IST" skipped="0">
  <testcase classname="testscript.Assertion" name="verifyUserIsAbleToSelectMaleOption" time="6.775"/>
</testsuite> <!-- testscript.Assertion -->
