<?xml version="1.0" encoding="UTF-8"?>
<!-- Generated by org.testng.reporters.JUnitReportReporter -->
<testsuite hostname="LAPTOP-TNE83D6K" failures="0" tests="2" name="testscript.Annotations" time="0.038" errors="0" timestamp="2025-01-29T07:31:27 IST" skipped="0">
  <testcase classname="testscript.Annotations" name="testCase2" time="0.005"/>
  <testcase classname="testscript.Annotations" name="testCase" time="0.033"/>
</testsuite> <!-- testscript.Annotations -->
