<?xml version="1.0" encoding="UTF-8"?>
<!-- Generated by org.testng.reporters.JUnitReportReporter -->
<testsuite hostname="LAPTOP-TNE83D6K" failures="0" tests="2" name="testscript.Assertion" time="154.956" errors="0" timestamp="2025-01-30T05:36:18 IST" skipped="0">
  <testcase classname="testscript.Assertion" name="verifyWheatherTheShowMessageButtonISAvailableInTheHomePage" time="150.042"/>
  <testcase classname="testscript.Assertion" name="backGroundColor" time="4.914"/>
</testsuite> <!-- testscript.Assertion -->
